[ 2017-09-13T14:08:55+08:00 ] ::1 /minidiantianzhuangwh/index.php/Ht/Apply/index.html
NOTIC: [8] Use of undefined constant SHOW_PAGE_TRACE - assumed 'SHOW_PAGE_TRACE' F:\phpStudy\WWW\minidiantianzhuangwh\App\Common\Conf\debug.php 第 4 行.
INFO: [ app_init ] --START--
INFO: Run Behavior\BuildLiteBehavior [ RunTime:0.000014s ]
INFO: [ app_init ] --END-- [ RunTime:0.000057s ]
INFO: [ app_begin ] --START--
INFO: Run Behavior\ReadHtmlCacheBehavior [ RunTime:0.000616s ]
INFO: [ app_begin ] --END-- [ RunTime:0.000668s ]
NOTIC: [8] Undefined index: id F:\phpStudy\WWW\minidiantianzhuangwh\App\Ht\Controller\ApplyController.class.php 第 13 行.
NOTIC: [8] Undefined index: status F:\phpStudy\WWW\minidiantianzhuangwh\App\Ht\Controller\ApplyController.class.php 第 16 行.
NOTIC: [8] Undefined index: yezhu F:\phpStudy\WWW\minidiantianzhuangwh\App\Ht\Controller\ApplyController.class.php 第 17 行.
SQL: SHOW COLUMNS FROM `lr_apply` [ RunTime:0.0075s ]
SQL: SELECT COUNT(*) AS tp_count FROM `lr_apply` WHERE ( 1=1 ) LIMIT 1   [ RunTime:0.0003s ]
NOTIC: [8] Undefined index: page F:\phpStudy\WWW\minidiantianzhuangwh\App\Ht\Controller\ApplyController.class.php 第 28 行.
SQL: SELECT * FROM `lr_apply` WHERE ( 1=1 ) ORDER BY id desc LIMIT 0,20   [ RunTime:0.0006s ]
INFO: [ view_parse ] --START--
INFO: [ template_filter ] --START--
INFO: Run Behavior\ContentReplaceBehavior [ RunTime:0.000088s ]
INFO: [ template_filter ] --END-- [ RunTime:0.000165s ]
INFO: Run Behavior\ParseTemplateBehavior [ RunTime:0.032620s ]
INFO: [ view_parse ] --END-- [ RunTime:0.032679s ]
INFO: [ view_filter ] --START--
INFO: Run Behavior\WriteHtmlCacheBehavior [ RunTime:0.000623s ]
INFO: [ view_filter ] --END-- [ RunTime:0.000669s ]
INFO: [ app_end ] --START--
INFO: Run Behavior\ShowPageTraceBehavior [ RunTime:0.000961s ]
INFO: [ app_end ] --END-- [ RunTime:0.001044s ]

[ 2017-09-13T14:08:57+08:00 ] ::1 /minidiantianzhuangwh/index.php/Ht/Apply/set_status.html?id=13&page=0&yezhu=&status=
NOTIC: [8] Use of undefined constant SHOW_PAGE_TRACE - assumed 'SHOW_PAGE_TRACE' F:\phpStudy\WWW\minidiantianzhuangwh\App\Common\Conf\debug.php 第 4 行.
INFO: [ app_init ] --START--
INFO: Run Behavior\BuildLiteBehavior [ RunTime:0.000013s ]
INFO: [ app_init ] --END-- [ RunTime:0.000057s ]
INFO: [ app_begin ] --START--
INFO: Run Behavior\ReadHtmlCacheBehavior [ RunTime:0.000836s ]
INFO: [ app_begin ] --END-- [ RunTime:0.000910s ]
SQL: SHOW COLUMNS FROM `lr_apply` [ RunTime:0.0081s ]
SQL: SELECT `status` FROM `lr_apply` WHERE ( id=13 ) LIMIT 1   [ RunTime:0.0003s ]
SQL: UPDATE `lr_apply` SET `status`='1' WHERE ( id=13 ) [ RunTime:0.0003s ]
INFO: [ view_parse ] --START--
INFO: [ template_filter ] --START--
INFO: Run Behavior\ContentReplaceBehavior [ RunTime:0.000049s ]
INFO: [ template_filter ] --END-- [ RunTime:0.000102s ]
INFO: Run Behavior\ParseTemplateBehavior [ RunTime:0.017027s ]
INFO: [ view_parse ] --END-- [ RunTime:0.017089s ]
INFO: [ view_filter ] --START--
INFO: Run Behavior\WriteHtmlCacheBehavior [ RunTime:0.000451s ]
INFO: [ view_filter ] --END-- [ RunTime:0.000493s ]

[ 2017-09-13T14:08:58+08:00 ] ::1 /minidiantianzhuangwh/index.php/Ht/Apply/index.html
NOTIC: [8] Use of undefined constant SHOW_PAGE_TRACE - assumed 'SHOW_PAGE_TRACE' F:\phpStudy\WWW\minidiantianzhuangwh\App\Common\Conf\debug.php 第 4 行.
INFO: [ app_init ] --START--
INFO: Run Behavior\BuildLiteBehavior [ RunTime:0.000014s ]
INFO: [ app_init ] --END-- [ RunTime:0.000057s ]
INFO: [ app_begin ] --START--
INFO: Run Behavior\ReadHtmlCacheBehavior [ RunTime:0.000605s ]
INFO: [ app_begin ] --END-- [ RunTime:0.000659s ]
NOTIC: [8] Undefined index: id F:\phpStudy\WWW\minidiantianzhuangwh\App\Ht\Controller\ApplyController.class.php 第 13 行.
NOTIC: [8] Undefined index: status F:\phpStudy\WWW\minidiantianzhuangwh\App\Ht\Controller\ApplyController.class.php 第 16 行.
NOTIC: [8] Undefined index: yezhu F:\phpStudy\WWW\minidiantianzhuangwh\App\Ht\Controller\ApplyController.class.php 第 17 行.
SQL: SHOW COLUMNS FROM `lr_apply` [ RunTime:0.0360s ]
SQL: SELECT COUNT(*) AS tp_count FROM `lr_apply` WHERE ( 1=1 ) LIMIT 1   [ RunTime:0.0008s ]
NOTIC: [8] Undefined index: page F:\phpStudy\WWW\minidiantianzhuangwh\App\Ht\Controller\ApplyController.class.php 第 28 行.
SQL: SELECT * FROM `lr_apply` WHERE ( 1=1 ) ORDER BY id desc LIMIT 0,20   [ RunTime:0.0024s ]
INFO: [ view_parse ] --START--
INFO: [ template_filter ] --START--
INFO: Run Behavior\ContentReplaceBehavior [ RunTime:0.000077s ]
INFO: [ template_filter ] --END-- [ RunTime:0.000150s ]
INFO: Run Behavior\ParseTemplateBehavior [ RunTime:0.041623s ]
INFO: [ view_parse ] --END-- [ RunTime:0.041821s ]
INFO: [ view_filter ] --START--
INFO: Run Behavior\WriteHtmlCacheBehavior [ RunTime:0.000647s ]
INFO: [ view_filter ] --END-- [ RunTime:0.000696s ]
INFO: [ app_end ] --START--
INFO: Run Behavior\ShowPageTraceBehavior [ RunTime:0.000842s ]
INFO: [ app_end ] --END-- [ RunTime:0.000933s ]

[ 2017-09-13T16:58:38+08:00 ] ::1 /minidiantianzhuangwh/index.php/Ht/Apply/del.html?id=13
NOTIC: [8] Use of undefined constant SHOW_PAGE_TRACE - assumed 'SHOW_PAGE_TRACE' F:\phpStudy\WWW\minidiantianzhuangwh\App\Common\Conf\debug.php 第 4 行.
INFO: [ app_init ] --START--
INFO: Run Behavior\BuildLiteBehavior [ RunTime:0.000015s ]
INFO: [ app_init ] --END-- [ RunTime:0.000057s ]
INFO: [ app_begin ] --START--
INFO: Run Behavior\ReadHtmlCacheBehavior [ RunTime:0.000715s ]
INFO: [ app_begin ] --END-- [ RunTime:0.000779s ]

[ 2017-09-13T16:58:40+08:00 ] ::1 /minidiantianzhuangwh/index.php/Ht/Login/index.html
NOTIC: [8] Use of undefined constant SHOW_PAGE_TRACE - assumed 'SHOW_PAGE_TRACE' F:\phpStudy\WWW\minidiantianzhuangwh\App\Common\Conf\debug.php 第 4 行.
INFO: [ app_init ] --START--
INFO: Run Behavior\BuildLiteBehavior [ RunTime:0.000013s ]
INFO: [ app_init ] --END-- [ RunTime:0.000058s ]
INFO: [ app_begin ] --START--
INFO: Run Behavior\ReadHtmlCacheBehavior [ RunTime:0.000852s ]
INFO: [ app_begin ] --END-- [ RunTime:0.000909s ]
SQL: SHOW COLUMNS FROM `lr_program` [ RunTime:0.0105s ]
SQL: SELECT * FROM `lr_program` LIMIT 1   [ RunTime:0.0003s ]
INFO: [ view_parse ] --START--
INFO: [ template_filter ] --START--
INFO: Run Behavior\ContentReplaceBehavior [ RunTime:0.000090s ]
INFO: [ template_filter ] --END-- [ RunTime:0.000194s ]
NOTIC: [8] Undefined variable: key F:\phpStudy\WWW\minidiantianzhuangwh\App\Runtime\Cache\Ht\2d4ce69e9c2d15d777794fcdbaefd3a2.php 第 24 行.
INFO: Run Behavior\ParseTemplateBehavior [ RunTime:0.028782s ]
INFO: [ view_parse ] --END-- [ RunTime:0.028885s ]
INFO: [ view_filter ] --START--
INFO: Run Behavior\WriteHtmlCacheBehavior [ RunTime:0.001180s ]
INFO: [ view_filter ] --END-- [ RunTime:0.001296s ]
INFO: [ app_end ] --START--
INFO: Run Behavior\ShowPageTraceBehavior [ RunTime:0.007144s ]
INFO: [ app_end ] --END-- [ RunTime:0.007231s ]

[ 2017-09-13T16:58:50+08:00 ] ::1 /minidiantianzhuangwh/index.php/Ht/Login/index.html?key=
NOTIC: [8] Use of undefined constant SHOW_PAGE_TRACE - assumed 'SHOW_PAGE_TRACE' F:\phpStudy\WWW\minidiantianzhuangwh\App\Common\Conf\debug.php 第 4 行.
INFO: [ app_init ] --START--
INFO: Run Behavior\BuildLiteBehavior [ RunTime:0.000014s ]
INFO: [ app_init ] --END-- [ RunTime:0.000055s ]
INFO: [ app_begin ] --START--
INFO: Run Behavior\ReadHtmlCacheBehavior [ RunTime:0.000647s ]
INFO: [ app_begin ] --END-- [ RunTime:0.000705s ]
SQL: SHOW COLUMNS FROM `lr_adminuser` [ RunTime:0.0429s ]
SQL: SELECT * FROM `lr_adminuser` WHERE ( name='admin' AND del<1 ) LIMIT 1   [ RunTime:0.0008s ]
SQL: SHOW COLUMNS FROM `lr_program` [ RunTime:0.0164s ]
SQL: SELECT * FROM `lr_program` LIMIT 1   [ RunTime:0.0005s ]
NOTIC: [8] Undefined index: shop_id F:\phpStudy\WWW\minidiantianzhuangwh\App\Ht\Controller\LoginController.class.php 第 21 行.
INFO: [ app_end ] --START--
INFO: Run Behavior\ShowPageTraceBehavior [ RunTime:0.001958s ]
INFO: [ app_end ] --END-- [ RunTime:0.002174s ]

[ 2017-09-13T16:58:51+08:00 ] ::1 /minidiantianzhuangwh/index.php/Ht/Index/index.html
NOTIC: [8] Use of undefined constant SHOW_PAGE_TRACE - assumed 'SHOW_PAGE_TRACE' F:\phpStudy\WWW\minidiantianzhuangwh\App\Common\Conf\debug.php 第 4 行.
INFO: [ app_init ] --START--
INFO: Run Behavior\BuildLiteBehavior [ RunTime:0.000015s ]
INFO: [ app_init ] --END-- [ RunTime:0.000063s ]
INFO: [ app_begin ] --START--
INFO: Run Behavior\ReadHtmlCacheBehavior [ RunTime:0.000622s ]
INFO: [ app_begin ] --END-- [ RunTime:0.000674s ]
SQL: SHOW COLUMNS FROM `lr_web` [ RunTime:0.0328s ]
SQL: SELECT `concent` FROM `lr_web` WHERE ( id=5 ) LIMIT 1   [ RunTime:0.0003s ]
INFO: [ view_parse ] --START--
INFO: [ template_filter ] --START--
INFO: Run Behavior\ContentReplaceBehavior [ RunTime:0.000080s ]
INFO: [ template_filter ] --END-- [ RunTime:0.000134s ]
INFO: Run Behavior\ParseTemplateBehavior [ RunTime:0.071712s ]
INFO: [ view_parse ] --END-- [ RunTime:0.071803s ]
INFO: [ view_filter ] --START--
INFO: Run Behavior\WriteHtmlCacheBehavior [ RunTime:0.000474s ]
INFO: [ view_filter ] --END-- [ RunTime:0.000514s ]
INFO: [ app_end ] --START--
INFO: Run Behavior\ShowPageTraceBehavior [ RunTime:0.000601s ]
INFO: [ app_end ] --END-- [ RunTime:0.000640s ]

[ 2017-09-13T16:58:51+08:00 ] ::1 /minidiantianzhuangwh/index.php/Ht/Page/adminindex.html
NOTIC: [8] Use of undefined constant SHOW_PAGE_TRACE - assumed 'SHOW_PAGE_TRACE' F:\phpStudy\WWW\minidiantianzhuangwh\App\Common\Conf\debug.php 第 4 行.
INFO: [ app_init ] --START--
INFO: Run Behavior\BuildLiteBehavior [ RunTime:0.000014s ]
INFO: [ app_init ] --END-- [ RunTime:0.000059s ]
INFO: [ app_begin ] --START--
INFO: Run Behavior\ReadHtmlCacheBehavior [ RunTime:0.000606s ]
INFO: [ app_begin ] --END-- [ RunTime:0.000657s ]
INFO: [ view_parse ] --START--
INFO: [ template_filter ] --START--
INFO: Run Behavior\ContentReplaceBehavior [ RunTime:0.000048s ]
INFO: [ template_filter ] --END-- [ RunTime:0.000104s ]
INFO: Run Behavior\ParseTemplateBehavior [ RunTime:0.026902s ]
INFO: [ view_parse ] --END-- [ RunTime:0.026974s ]
INFO: [ view_filter ] --START--
INFO: Run Behavior\WriteHtmlCacheBehavior [ RunTime:0.000480s ]
INFO: [ view_filter ] --END-- [ RunTime:0.000520s ]
INFO: [ app_end ] --START--
INFO: Run Behavior\ShowPageTraceBehavior [ RunTime:0.000601s ]
INFO: [ app_end ] --END-- [ RunTime:0.000642s ]

[ 2017-09-13T16:58:54+08:00 ] ::1 /minidiantianzhuangwh/index.php/Ht/Apply/index.html
NOTIC: [8] Use of undefined constant SHOW_PAGE_TRACE - assumed 'SHOW_PAGE_TRACE' F:\phpStudy\WWW\minidiantianzhuangwh\App\Common\Conf\debug.php 第 4 行.
INFO: [ app_init ] --START--
INFO: Run Behavior\BuildLiteBehavior [ RunTime:0.000018s ]
INFO: [ app_init ] --END-- [ RunTime:0.000068s ]
INFO: [ app_begin ] --START--
INFO: Run Behavior\ReadHtmlCacheBehavior [ RunTime:0.000948s ]
INFO: [ app_begin ] --END-- [ RunTime:0.001022s ]
NOTIC: [8] Undefined index: id F:\phpStudy\WWW\minidiantianzhuangwh\App\Ht\Controller\ApplyController.class.php 第 13 行.
NOTIC: [8] Undefined index: status F:\phpStudy\WWW\minidiantianzhuangwh\App\Ht\Controller\ApplyController.class.php 第 16 行.
NOTIC: [8] Undefined index: yezhu F:\phpStudy\WWW\minidiantianzhuangwh\App\Ht\Controller\ApplyController.class.php 第 17 行.
SQL: SHOW COLUMNS FROM `lr_apply` [ RunTime:0.0083s ]
SQL: SELECT COUNT(*) AS tp_count FROM `lr_apply` WHERE ( 1=1 ) LIMIT 1   [ RunTime:0.0003s ]
NOTIC: [8] Undefined index: page F:\phpStudy\WWW\minidiantianzhuangwh\App\Ht\Controller\ApplyController.class.php 第 28 行.
SQL: SELECT * FROM `lr_apply` WHERE ( 1=1 ) ORDER BY id desc LIMIT 0,20   [ RunTime:0.0007s ]
INFO: [ view_parse ] --START--
INFO: [ template_filter ] --START--
INFO: Run Behavior\ContentReplaceBehavior [ RunTime:0.000065s ]
INFO: [ template_filter ] --END-- [ RunTime:0.000125s ]
INFO: Run Behavior\ParseTemplateBehavior [ RunTime:0.012483s ]
INFO: [ view_parse ] --END-- [ RunTime:0.012538s ]
INFO: [ view_filter ] --START--
INFO: Run Behavior\WriteHtmlCacheBehavior [ RunTime:0.000503s ]
INFO: [ view_filter ] --END-- [ RunTime:0.000541s ]
INFO: [ app_end ] --START--
INFO: Run Behavior\ShowPageTraceBehavior [ RunTime:0.001103s ]
INFO: [ app_end ] --END-- [ RunTime:0.001169s ]

[ 2017-09-13T16:58:56+08:00 ] ::1 /minidiantianzhuangwh/index.php/Ht/Apply/del.html?id=17
NOTIC: [8] Use of undefined constant SHOW_PAGE_TRACE - assumed 'SHOW_PAGE_TRACE' F:\phpStudy\WWW\minidiantianzhuangwh\App\Common\Conf\debug.php 第 4 行.
INFO: [ app_init ] --START--
INFO: Run Behavior\BuildLiteBehavior [ RunTime:0.000015s ]
INFO: [ app_init ] --END-- [ RunTime:0.000061s ]
INFO: [ app_begin ] --START--
INFO: Run Behavior\ReadHtmlCacheBehavior [ RunTime:0.000640s ]
INFO: [ app_begin ] --END-- [ RunTime:0.000701s ]
SQL: SHOW COLUMNS FROM `lr_apply` [ RunTime:0.0084s ]
SQL: SELECT * FROM `lr_apply` WHERE ( id=17 ) LIMIT 1   [ RunTime:0.0006s ]
SQL: DELETE FROM `lr_apply` WHERE ( id=17 ) [ RunTime:0.0059s ]
INFO: [ view_parse ] --START--
INFO: [ template_filter ] --START--
INFO: Run Behavior\ContentReplaceBehavior [ RunTime:0.000048s ]
INFO: [ template_filter ] --END-- [ RunTime:0.000101s ]
INFO: Run Behavior\ParseTemplateBehavior [ RunTime:0.009466s ]
INFO: [ view_parse ] --END-- [ RunTime:0.009537s ]
INFO: [ view_filter ] --START--
INFO: Run Behavior\WriteHtmlCacheBehavior [ RunTime:0.000642s ]
INFO: [ view_filter ] --END-- [ RunTime:0.000696s ]

[ 2017-09-13T16:58:57+08:00 ] ::1 /minidiantianzhuangwh/index.php/Ht/Apply/index.html
NOTIC: [8] Use of undefined constant SHOW_PAGE_TRACE - assumed 'SHOW_PAGE_TRACE' F:\phpStudy\WWW\minidiantianzhuangwh\App\Common\Conf\debug.php 第 4 行.
INFO: [ app_init ] --START--
INFO: Run Behavior\BuildLiteBehavior [ RunTime:0.000021s ]
INFO: [ app_init ] --END-- [ RunTime:0.000090s ]
INFO: [ app_begin ] --START--
INFO: Run Behavior\ReadHtmlCacheBehavior [ RunTime:0.000933s ]
INFO: [ app_begin ] --END-- [ RunTime:0.001022s ]
NOTIC: [8] Undefined index: id F:\phpStudy\WWW\minidiantianzhuangwh\App\Ht\Controller\ApplyController.class.php 第 13 行.
NOTIC: [8] Undefined index: status F:\phpStudy\WWW\minidiantianzhuangwh\App\Ht\Controller\ApplyController.class.php 第 16 行.
NOTIC: [8] Undefined index: yezhu F:\phpStudy\WWW\minidiantianzhuangwh\App\Ht\Controller\ApplyController.class.php 第 17 行.
SQL: SHOW COLUMNS FROM `lr_apply` [ RunTime:0.0320s ]
SQL: SELECT COUNT(*) AS tp_count FROM `lr_apply` WHERE ( 1=1 ) LIMIT 1   [ RunTime:0.0017s ]
NOTIC: [8] Undefined index: page F:\phpStudy\WWW\minidiantianzhuangwh\App\Ht\Controller\ApplyController.class.php 第 28 行.
SQL: SELECT * FROM `lr_apply` WHERE ( 1=1 ) ORDER BY id desc LIMIT 0,20   [ RunTime:0.0026s ]
INFO: [ view_parse ] --START--
INFO: [ template_filter ] --START--
INFO: Run Behavior\ContentReplaceBehavior [ RunTime:0.000066s ]
INFO: [ template_filter ] --END-- [ RunTime:0.000121s ]
INFO: Run Behavior\ParseTemplateBehavior [ RunTime:0.023739s ]
INFO: [ view_parse ] --END-- [ RunTime:0.023811s ]
INFO: [ view_filter ] --START--
INFO: Run Behavior\WriteHtmlCacheBehavior [ RunTime:0.000607s ]
INFO: [ view_filter ] --END-- [ RunTime:0.000657s ]
INFO: [ app_end ] --START--
INFO: Run Behavior\ShowPageTraceBehavior [ RunTime:0.001070s ]
INFO: [ app_end ] --END-- [ RunTime:0.001162s ]

[ 2017-09-13T16:58:58+08:00 ] ::1 /minidiantianzhuangwh/index.php/Ht/Apply/del.html?id=16
NOTIC: [8] Use of undefined constant SHOW_PAGE_TRACE - assumed 'SHOW_PAGE_TRACE' F:\phpStudy\WWW\minidiantianzhuangwh\App\Common\Conf\debug.php 第 4 行.
INFO: [ app_init ] --START--
INFO: Run Behavior\BuildLiteBehavior [ RunTime:0.000015s ]
INFO: [ app_init ] --END-- [ RunTime:0.000057s ]
INFO: [ app_begin ] --START--
INFO: Run Behavior\ReadHtmlCacheBehavior [ RunTime:0.000694s ]
INFO: [ app_begin ] --END-- [ RunTime:0.000756s ]
SQL: SHOW COLUMNS FROM `lr_apply` [ RunTime:0.0096s ]
SQL: SELECT * FROM `lr_apply` WHERE ( id=16 ) LIMIT 1   [ RunTime:0.0006s ]
SQL: DELETE FROM `lr_apply` WHERE ( id=16 ) [ RunTime:0.0003s ]
INFO: [ view_parse ] --START--
INFO: [ template_filter ] --START--
INFO: Run Behavior\ContentReplaceBehavior [ RunTime:0.000047s ]
INFO: [ template_filter ] --END-- [ RunTime:0.000097s ]
INFO: Run Behavior\ParseTemplateBehavior [ RunTime:0.009524s ]
INFO: [ view_parse ] --END-- [ RunTime:0.009592s ]
INFO: [ view_filter ] --START--
INFO: Run Behavior\WriteHtmlCacheBehavior [ RunTime:0.000460s ]
INFO: [ view_filter ] --END-- [ RunTime:0.000500s ]

[ 2017-09-13T16:58:59+08:00 ] ::1 /minidiantianzhuangwh/index.php/Ht/Apply/index.html
NOTIC: [8] Use of undefined constant SHOW_PAGE_TRACE - assumed 'SHOW_PAGE_TRACE' F:\phpStudy\WWW\minidiantianzhuangwh\App\Common\Conf\debug.php 第 4 行.
INFO: [ app_init ] --START--
INFO: Run Behavior\BuildLiteBehavior [ RunTime:0.000016s ]
INFO: [ app_init ] --END-- [ RunTime:0.000064s ]
INFO: [ app_begin ] --START--
INFO: Run Behavior\ReadHtmlCacheBehavior [ RunTime:0.000737s ]
INFO: [ app_begin ] --END-- [ RunTime:0.000826s ]
NOTIC: [8] Undefined index: id F:\phpStudy\WWW\minidiantianzhuangwh\App\Ht\Controller\ApplyController.class.php 第 13 行.
NOTIC: [8] Undefined index: status F:\phpStudy\WWW\minidiantianzhuangwh\App\Ht\Controller\ApplyController.class.php 第 16 行.
NOTIC: [8] Undefined index: yezhu F:\phpStudy\WWW\minidiantianzhuangwh\App\Ht\Controller\ApplyController.class.php 第 17 行.
SQL: SHOW COLUMNS FROM `lr_apply` [ RunTime:0.0163s ]
SQL: SELECT COUNT(*) AS tp_count FROM `lr_apply` WHERE ( 1=1 ) LIMIT 1   [ RunTime:0.0003s ]
NOTIC: [8] Undefined index: page F:\phpStudy\WWW\minidiantianzhuangwh\App\Ht\Controller\ApplyController.class.php 第 28 行.
SQL: SELECT * FROM `lr_apply` WHERE ( 1=1 ) ORDER BY id desc LIMIT 0,20   [ RunTime:0.0008s ]
INFO: [ view_parse ] --START--
INFO: [ template_filter ] --START--
INFO: Run Behavior\ContentReplaceBehavior [ RunTime:0.000070s ]
INFO: [ template_filter ] --END-- [ RunTime:0.000138s ]
INFO: Run Behavior\ParseTemplateBehavior [ RunTime:0.039661s ]
INFO: [ view_parse ] --END-- [ RunTime:0.039864s ]
INFO: [ view_filter ] --START--
INFO: Run Behavior\WriteHtmlCacheBehavior [ RunTime:0.003147s ]
INFO: [ view_filter ] --END-- [ RunTime:0.003548s ]
INFO: [ app_end ] --START--
INFO: Run Behavior\ShowPageTraceBehavior [ RunTime:0.001710s ]
INFO: [ app_end ] --END-- [ RunTime:0.001823s ]

[ 2017-09-13T16:59:01+08:00 ] ::1 /minidiantianzhuangwh/index.php/Ht/Apply/del.html?id=15
NOTIC: [8] Use of undefined constant SHOW_PAGE_TRACE - assumed 'SHOW_PAGE_TRACE' F:\phpStudy\WWW\minidiantianzhuangwh\App\Common\Conf\debug.php 第 4 行.
INFO: [ app_init ] --START--
INFO: Run Behavior\BuildLiteBehavior [ RunTime:0.000015s ]
INFO: [ app_init ] --END-- [ RunTime:0.000062s ]
INFO: [ app_begin ] --START--
INFO: Run Behavior\ReadHtmlCacheBehavior [ RunTime:0.000612s ]
INFO: [ app_begin ] --END-- [ RunTime:0.000667s ]
SQL: SHOW COLUMNS FROM `lr_apply` [ RunTime:0.0201s ]
SQL: SELECT * FROM `lr_apply` WHERE ( id=15 ) LIMIT 1   [ RunTime:0.0007s ]
SQL: DELETE FROM `lr_apply` WHERE ( id=15 ) [ RunTime:0.0004s ]
INFO: [ view_parse ] --START--
INFO: [ template_filter ] --START--
INFO: Run Behavior\ContentReplaceBehavior [ RunTime:0.000053s ]
INFO: [ template_filter ] --END-- [ RunTime:0.000114s ]
INFO: Run Behavior\ParseTemplateBehavior [ RunTime:0.013089s ]
INFO: [ view_parse ] --END-- [ RunTime:0.013171s ]
INFO: [ view_filter ] --START--
INFO: Run Behavior\WriteHtmlCacheBehavior [ RunTime:0.000530s ]
INFO: [ view_filter ] --END-- [ RunTime:0.000584s ]

[ 2017-09-13T16:59:02+08:00 ] ::1 /minidiantianzhuangwh/index.php/Ht/Apply/index.html
NOTIC: [8] Use of undefined constant SHOW_PAGE_TRACE - assumed 'SHOW_PAGE_TRACE' F:\phpStudy\WWW\minidiantianzhuangwh\App\Common\Conf\debug.php 第 4 行.
INFO: [ app_init ] --START--
INFO: Run Behavior\BuildLiteBehavior [ RunTime:0.000014s ]
INFO: [ app_init ] --END-- [ RunTime:0.000058s ]
INFO: [ app_begin ] --START--
INFO: Run Behavior\ReadHtmlCacheBehavior [ RunTime:0.000611s ]
INFO: [ app_begin ] --END-- [ RunTime:0.000663s ]
NOTIC: [8] Undefined index: id F:\phpStudy\WWW\minidiantianzhuangwh\App\Ht\Controller\ApplyController.class.php 第 13 行.
NOTIC: [8] Undefined index: status F:\phpStudy\WWW\minidiantianzhuangwh\App\Ht\Controller\ApplyController.class.php 第 16 行.
NOTIC: [8] Undefined index: yezhu F:\phpStudy\WWW\minidiantianzhuangwh\App\Ht\Controller\ApplyController.class.php 第 17 行.
SQL: SHOW COLUMNS FROM `lr_apply` [ RunTime:0.0322s ]
SQL: SELECT COUNT(*) AS tp_count FROM `lr_apply` WHERE ( 1=1 ) LIMIT 1   [ RunTime:0.0004s ]
NOTIC: [8] Undefined index: page F:\phpStudy\WWW\minidiantianzhuangwh\App\Ht\Controller\ApplyController.class.php 第 28 行.
SQL: SELECT * FROM `lr_apply` WHERE ( 1=1 ) ORDER BY id desc LIMIT 0,20   [ RunTime:0.0009s ]
INFO: [ view_parse ] --START--
INFO: [ template_filter ] --START--
INFO: Run Behavior\ContentReplaceBehavior [ RunTime:0.000067s ]
INFO: [ template_filter ] --END-- [ RunTime:0.000125s ]
INFO: Run Behavior\ParseTemplateBehavior [ RunTime:0.025783s ]
INFO: [ view_parse ] --END-- [ RunTime:0.025863s ]
INFO: [ view_filter ] --START--
INFO: Run Behavior\WriteHtmlCacheBehavior [ RunTime:0.000560s ]
INFO: [ view_filter ] --END-- [ RunTime:0.000604s ]
INFO: [ app_end ] --START--
INFO: Run Behavior\ShowPageTraceBehavior [ RunTime:0.001133s ]
INFO: [ app_end ] --END-- [ RunTime:0.001259s ]

[ 2017-09-13T16:59:03+08:00 ] ::1 /minidiantianzhuangwh/index.php/Ht/Apply/del.html?id=14
NOTIC: [8] Use of undefined constant SHOW_PAGE_TRACE - assumed 'SHOW_PAGE_TRACE' F:\phpStudy\WWW\minidiantianzhuangwh\App\Common\Conf\debug.php 第 4 行.
INFO: [ app_init ] --START--
INFO: Run Behavior\BuildLiteBehavior [ RunTime:0.000016s ]
INFO: [ app_init ] --END-- [ RunTime:0.000056s ]
INFO: [ app_begin ] --START--
INFO: Run Behavior\ReadHtmlCacheBehavior [ RunTime:0.000602s ]
INFO: [ app_begin ] --END-- [ RunTime:0.000657s ]
SQL: SHOW COLUMNS FROM `lr_apply` [ RunTime:0.0103s ]
SQL: SELECT * FROM `lr_apply` WHERE ( id=14 ) LIMIT 1   [ RunTime:0.0004s ]
SQL: DELETE FROM `lr_apply` WHERE ( id=14 ) [ RunTime:0.0002s ]
INFO: [ view_parse ] --START--
INFO: [ template_filter ] --START--
INFO: Run Behavior\ContentReplaceBehavior [ RunTime:0.000048s ]
INFO: [ template_filter ] --END-- [ RunTime:0.000101s ]
INFO: Run Behavior\ParseTemplateBehavior [ RunTime:0.010903s ]
INFO: [ view_parse ] --END-- [ RunTime:0.010969s ]
INFO: [ view_filter ] --START--
INFO: Run Behavior\WriteHtmlCacheBehavior [ RunTime:0.000619s ]
INFO: [ view_filter ] --END-- [ RunTime:0.000666s ]

[ 2017-09-13T16:59:04+08:00 ] ::1 /minidiantianzhuangwh/index.php/Ht/Apply/index.html
NOTIC: [8] Use of undefined constant SHOW_PAGE_TRACE - assumed 'SHOW_PAGE_TRACE' F:\phpStudy\WWW\minidiantianzhuangwh\App\Common\Conf\debug.php 第 4 行.
INFO: [ app_init ] --START--
INFO: Run Behavior\BuildLiteBehavior [ RunTime:0.000016s ]
INFO: [ app_init ] --END-- [ RunTime:0.000072s ]
INFO: [ app_begin ] --START--
INFO: Run Behavior\ReadHtmlCacheBehavior [ RunTime:0.004986s ]
INFO: [ app_begin ] --END-- [ RunTime:0.005177s ]
NOTIC: [8] Undefined index: id F:\phpStudy\WWW\minidiantianzhuangwh\App\Ht\Controller\ApplyController.class.php 第 13 行.
NOTIC: [8] Undefined index: status F:\phpStudy\WWW\minidiantianzhuangwh\App\Ht\Controller\ApplyController.class.php 第 16 行.
NOTIC: [8] Undefined index: yezhu F:\phpStudy\WWW\minidiantianzhuangwh\App\Ht\Controller\ApplyController.class.php 第 17 行.
SQL: SHOW COLUMNS FROM `lr_apply` [ RunTime:0.0163s ]
SQL: SELECT COUNT(*) AS tp_count FROM `lr_apply` WHERE ( 1=1 ) LIMIT 1   [ RunTime:0.0003s ]
NOTIC: [8] Undefined index: page F:\phpStudy\WWW\minidiantianzhuangwh\App\Ht\Controller\ApplyController.class.php 第 28 行.
SQL: SELECT * FROM `lr_apply` WHERE ( 1=1 ) ORDER BY id desc LIMIT 0,20   [ RunTime:0.0022s ]
INFO: [ view_parse ] --START--
INFO: [ template_filter ] --START--
INFO: Run Behavior\ContentReplaceBehavior [ RunTime:0.000067s ]
INFO: [ template_filter ] --END-- [ RunTime:0.000133s ]
INFO: Run Behavior\ParseTemplateBehavior [ RunTime:0.023310s ]
INFO: [ view_parse ] --END-- [ RunTime:0.023374s ]
INFO: [ view_filter ] --START--
INFO: Run Behavior\WriteHtmlCacheBehavior [ RunTime:0.000618s ]
INFO: [ view_filter ] --END-- [ RunTime:0.000661s ]
INFO: [ app_end ] --START--
INFO: Run Behavior\ShowPageTraceBehavior [ RunTime:0.001343s ]
INFO: [ app_end ] --END-- [ RunTime:0.001442s ]

[ 2017-09-13T16:59:05+08:00 ] ::1 /minidiantianzhuangwh/index.php/Ht/Apply/del.html?id=13
NOTIC: [8] Use of undefined constant SHOW_PAGE_TRACE - assumed 'SHOW_PAGE_TRACE' F:\phpStudy\WWW\minidiantianzhuangwh\App\Common\Conf\debug.php 第 4 行.
INFO: [ app_init ] --START--
INFO: Run Behavior\BuildLiteBehavior [ RunTime:0.000014s ]
INFO: [ app_init ] --END-- [ RunTime:0.000057s ]
INFO: [ app_begin ] --START--
INFO: Run Behavior\ReadHtmlCacheBehavior [ RunTime:0.000607s ]
INFO: [ app_begin ] --END-- [ RunTime:0.000658s ]
SQL: SHOW COLUMNS FROM `lr_apply` [ RunTime:0.0132s ]
SQL: SELECT * FROM `lr_apply` WHERE ( id=13 ) LIMIT 1   [ RunTime:0.0008s ]
SQL: DELETE FROM `lr_apply` WHERE ( id=13 ) [ RunTime:0.0003s ]
INFO: [ view_parse ] --START--
INFO: [ template_filter ] --START--
INFO: Run Behavior\ContentReplaceBehavior [ RunTime:0.000049s ]
INFO: [ template_filter ] --END-- [ RunTime:0.000102s ]
INFO: Run Behavior\ParseTemplateBehavior [ RunTime:0.009241s ]
INFO: [ view_parse ] --END-- [ RunTime:0.009324s ]
INFO: [ view_filter ] --START--
INFO: Run Behavior\WriteHtmlCacheBehavior [ RunTime:0.000466s ]
INFO: [ view_filter ] --END-- [ RunTime:0.000506s ]

[ 2017-09-13T16:59:07+08:00 ] ::1 /minidiantianzhuangwh/index.php/Ht/Apply/index.html
NOTIC: [8] Use of undefined constant SHOW_PAGE_TRACE - assumed 'SHOW_PAGE_TRACE' F:\phpStudy\WWW\minidiantianzhuangwh\App\Common\Conf\debug.php 第 4 行.
INFO: [ app_init ] --START--
INFO: Run Behavior\BuildLiteBehavior [ RunTime:0.000019s ]
INFO: [ app_init ] --END-- [ RunTime:0.000085s ]
INFO: [ app_begin ] --START--
INFO: Run Behavior\ReadHtmlCacheBehavior [ RunTime:0.000932s ]
INFO: [ app_begin ] --END-- [ RunTime:0.001004s ]
NOTIC: [8] Undefined index: id F:\phpStudy\WWW\minidiantianzhuangwh\App\Ht\Controller\ApplyController.class.php 第 13 行.
NOTIC: [8] Undefined index: status F:\phpStudy\WWW\minidiantianzhuangwh\App\Ht\Controller\ApplyController.class.php 第 16 行.
NOTIC: [8] Undefined index: yezhu F:\phpStudy\WWW\minidiantianzhuangwh\App\Ht\Controller\ApplyController.class.php 第 17 行.
SQL: SHOW COLUMNS FROM `lr_apply` [ RunTime:0.0221s ]
SQL: SELECT COUNT(*) AS tp_count FROM `lr_apply` WHERE ( 1=1 ) LIMIT 1   [ RunTime:0.0003s ]
NOTIC: [8] Undefined index: page F:\phpStudy\WWW\minidiantianzhuangwh\App\Ht\Controller\ApplyController.class.php 第 28 行.
SQL: SELECT * FROM `lr_apply` WHERE ( 1=1 ) ORDER BY id desc LIMIT 0,20   [ RunTime:0.0006s ]
INFO: [ view_parse ] --START--
INFO: [ template_filter ] --START--
INFO: Run Behavior\ContentReplaceBehavior [ RunTime:0.000065s ]
INFO: [ template_filter ] --END-- [ RunTime:0.000120s ]
INFO: Run Behavior\ParseTemplateBehavior [ RunTime:0.024686s ]
INFO: [ view_parse ] --END-- [ RunTime:0.024750s ]
INFO: [ view_filter ] --START--
INFO: Run Behavior\WriteHtmlCacheBehavior [ RunTime:0.000563s ]
INFO: [ view_filter ] --END-- [ RunTime:0.000603s ]
INFO: [ app_end ] --START--
INFO: Run Behavior\ShowPageTraceBehavior [ RunTime:0.001009s ]
INFO: [ app_end ] --END-- [ RunTime:0.001154s ]

[ 2017-09-13T16:59:07+08:00 ] ::1 /minidiantianzhuangwh/index.php/Ht/Apply/del.html?id=12
NOTIC: [8] Use of undefined constant SHOW_PAGE_TRACE - assumed 'SHOW_PAGE_TRACE' F:\phpStudy\WWW\minidiantianzhuangwh\App\Common\Conf\debug.php 第 4 行.
INFO: [ app_init ] --START--
INFO: Run Behavior\BuildLiteBehavior [ RunTime:0.000014s ]
INFO: [ app_init ] --END-- [ RunTime:0.000058s ]
INFO: [ app_begin ] --START--
INFO: Run Behavior\ReadHtmlCacheBehavior [ RunTime:0.000641s ]
INFO: [ app_begin ] --END-- [ RunTime:0.000694s ]
SQL: SHOW COLUMNS FROM `lr_apply` [ RunTime:0.0107s ]
SQL: SELECT * FROM `lr_apply` WHERE ( id=12 ) LIMIT 1   [ RunTime:0.0006s ]
SQL: DELETE FROM `lr_apply` WHERE ( id=12 ) [ RunTime:0.0004s ]
INFO: [ view_parse ] --START--
INFO: [ template_filter ] --START--
INFO: Run Behavior\ContentReplaceBehavior [ RunTime:0.000051s ]
INFO: [ template_filter ] --END-- [ RunTime:0.000108s ]
INFO: Run Behavior\ParseTemplateBehavior [ RunTime:0.009403s ]
INFO: [ view_parse ] --END-- [ RunTime:0.009468s ]
INFO: [ view_filter ] --START--
INFO: Run Behavior\WriteHtmlCacheBehavior [ RunTime:0.000603s ]
INFO: [ view_filter ] --END-- [ RunTime:0.000662s ]

[ 2017-09-13T16:59:09+08:00 ] ::1 /minidiantianzhuangwh/index.php/Ht/Apply/index.html
NOTIC: [8] Use of undefined constant SHOW_PAGE_TRACE - assumed 'SHOW_PAGE_TRACE' F:\phpStudy\WWW\minidiantianzhuangwh\App\Common\Conf\debug.php 第 4 行.
INFO: [ app_init ] --START--
INFO: Run Behavior\BuildLiteBehavior [ RunTime:0.000017s ]
INFO: [ app_init ] --END-- [ RunTime:0.000076s ]
INFO: [ app_begin ] --START--
INFO: Run Behavior\ReadHtmlCacheBehavior [ RunTime:0.001396s ]
INFO: [ app_begin ] --END-- [ RunTime:0.001485s ]
NOTIC: [8] Undefined index: id F:\phpStudy\WWW\minidiantianzhuangwh\App\Ht\Controller\ApplyController.class.php 第 13 行.
NOTIC: [8] Undefined index: status F:\phpStudy\WWW\minidiantianzhuangwh\App\Ht\Controller\ApplyController.class.php 第 16 行.
NOTIC: [8] Undefined index: yezhu F:\phpStudy\WWW\minidiantianzhuangwh\App\Ht\Controller\ApplyController.class.php 第 17 行.
SQL: SHOW COLUMNS FROM `lr_apply` [ RunTime:0.0219s ]
SQL: SELECT COUNT(*) AS tp_count FROM `lr_apply` WHERE ( 1=1 ) LIMIT 1   [ RunTime:0.0023s ]
NOTIC: [8] Undefined index: page F:\phpStudy\WWW\minidiantianzhuangwh\App\Ht\Controller\ApplyController.class.php 第 28 行.
SQL: SELECT * FROM `lr_apply` WHERE ( 1=1 ) ORDER BY id desc LIMIT 0,20   [ RunTime:0.0011s ]
INFO: [ view_parse ] --START--
INFO: [ template_filter ] --START--
INFO: Run Behavior\ContentReplaceBehavior [ RunTime:0.000156s ]
INFO: [ template_filter ] --END-- [ RunTime:0.000401s ]
INFO: Run Behavior\ParseTemplateBehavior [ RunTime:0.022116s ]
INFO: [ view_parse ] --END-- [ RunTime:0.022182s ]
INFO: [ view_filter ] --START--
INFO: Run Behavior\WriteHtmlCacheBehavior [ RunTime:0.000638s ]
INFO: [ view_filter ] --END-- [ RunTime:0.000683s ]
INFO: [ app_end ] --START--
INFO: Run Behavior\ShowPageTraceBehavior [ RunTime:0.002049s ]
INFO: [ app_end ] --END-- [ RunTime:0.002385s ]

[ 2017-09-13T16:59:09+08:00 ] ::1 /minidiantianzhuangwh/index.php/Ht/Apply/del.html?id=11
NOTIC: [8] Use of undefined constant SHOW_PAGE_TRACE - assumed 'SHOW_PAGE_TRACE' F:\phpStudy\WWW\minidiantianzhuangwh\App\Common\Conf\debug.php 第 4 行.
INFO: [ app_init ] --START--
INFO: Run Behavior\BuildLiteBehavior [ RunTime:0.000015s ]
INFO: [ app_init ] --END-- [ RunTime:0.000068s ]
INFO: [ app_begin ] --START--
INFO: Run Behavior\ReadHtmlCacheBehavior [ RunTime:0.000664s ]
INFO: [ app_begin ] --END-- [ RunTime:0.000732s ]
SQL: SHOW COLUMNS FROM `lr_apply` [ RunTime:0.0078s ]
SQL: SELECT * FROM `lr_apply` WHERE ( id=11 ) LIMIT 1   [ RunTime:0.0005s ]
SQL: DELETE FROM `lr_apply` WHERE ( id=11 ) [ RunTime:0.0003s ]
INFO: [ view_parse ] --START--
INFO: [ template_filter ] --START--
INFO: Run Behavior\ContentReplaceBehavior [ RunTime:0.000048s ]
INFO: [ template_filter ] --END-- [ RunTime:0.000104s ]
INFO: Run Behavior\ParseTemplateBehavior [ RunTime:0.010247s ]
INFO: [ view_parse ] --END-- [ RunTime:0.010326s ]
INFO: [ view_filter ] --START--
INFO: Run Behavior\WriteHtmlCacheBehavior [ RunTime:0.000603s ]
INFO: [ view_filter ] --END-- [ RunTime:0.000650s ]

[ 2017-09-13T16:59:11+08:00 ] ::1 /minidiantianzhuangwh/index.php/Ht/Apply/index.html
NOTIC: [8] Use of undefined constant SHOW_PAGE_TRACE - assumed 'SHOW_PAGE_TRACE' F:\phpStudy\WWW\minidiantianzhuangwh\App\Common\Conf\debug.php 第 4 行.
INFO: [ app_init ] --START--
INFO: Run Behavior\BuildLiteBehavior [ RunTime:0.000014s ]
INFO: [ app_init ] --END-- [ RunTime:0.000060s ]
INFO: [ app_begin ] --START--
INFO: Run Behavior\ReadHtmlCacheBehavior [ RunTime:0.000615s ]
INFO: [ app_begin ] --END-- [ RunTime:0.000672s ]
NOTIC: [8] Undefined index: id F:\phpStudy\WWW\minidiantianzhuangwh\App\Ht\Controller\ApplyController.class.php 第 13 行.
NOTIC: [8] Undefined index: status F:\phpStudy\WWW\minidiantianzhuangwh\App\Ht\Controller\ApplyController.class.php 第 16 行.
NOTIC: [8] Undefined index: yezhu F:\phpStudy\WWW\minidiantianzhuangwh\App\Ht\Controller\ApplyController.class.php 第 17 行.
SQL: SHOW COLUMNS FROM `lr_apply` [ RunTime:0.0155s ]
SQL: SELECT COUNT(*) AS tp_count FROM `lr_apply` WHERE ( 1=1 ) LIMIT 1   [ RunTime:0.0014s ]
NOTIC: [8] Undefined index: page F:\phpStudy\WWW\minidiantianzhuangwh\App\Ht\Controller\ApplyController.class.php 第 28 行.
SQL: SELECT * FROM `lr_apply` WHERE ( 1=1 ) ORDER BY id desc LIMIT 0,20   [ RunTime:0.0019s ]
INFO: [ view_parse ] --START--
INFO: [ template_filter ] --START--
INFO: Run Behavior\ContentReplaceBehavior [ RunTime:0.000078s ]
INFO: [ template_filter ] --END-- [ RunTime:0.000148s ]
INFO: Run Behavior\ParseTemplateBehavior [ RunTime:0.023100s ]
INFO: [ view_parse ] --END-- [ RunTime:0.023296s ]
INFO: [ view_filter ] --START--
INFO: Run Behavior\WriteHtmlCacheBehavior [ RunTime:0.001298s ]
INFO: [ view_filter ] --END-- [ RunTime:0.001385s ]
INFO: [ app_end ] --START--
INFO: Run Behavior\ShowPageTraceBehavior [ RunTime:0.000867s ]
INFO: [ app_end ] --END-- [ RunTime:0.000960s ]

[ 2017-09-13T16:59:11+08:00 ] ::1 /minidiantianzhuangwh/index.php/Ht/Apply/del.html?id=10
NOTIC: [8] Use of undefined constant SHOW_PAGE_TRACE - assumed 'SHOW_PAGE_TRACE' F:\phpStudy\WWW\minidiantianzhuangwh\App\Common\Conf\debug.php 第 4 行.
INFO: [ app_init ] --START--
INFO: Run Behavior\BuildLiteBehavior [ RunTime:0.000013s ]
INFO: [ app_init ] --END-- [ RunTime:0.000056s ]
INFO: [ app_begin ] --START--
INFO: Run Behavior\ReadHtmlCacheBehavior [ RunTime:0.000738s ]
INFO: [ app_begin ] --END-- [ RunTime:0.000815s ]
SQL: SHOW COLUMNS FROM `lr_apply` [ RunTime:0.0092s ]
SQL: SELECT * FROM `lr_apply` WHERE ( id=10 ) LIMIT 1   [ RunTime:0.0004s ]
SQL: DELETE FROM `lr_apply` WHERE ( id=10 ) [ RunTime:0.0003s ]
INFO: [ view_parse ] --START--
INFO: [ template_filter ] --START--
INFO: Run Behavior\ContentReplaceBehavior [ RunTime:0.000090s ]
INFO: [ template_filter ] --END-- [ RunTime:0.000164s ]
INFO: Run Behavior\ParseTemplateBehavior [ RunTime:0.013204s ]
INFO: [ view_parse ] --END-- [ RunTime:0.013266s ]
INFO: [ view_filter ] --START--
INFO: Run Behavior\WriteHtmlCacheBehavior [ RunTime:0.000465s ]
INFO: [ view_filter ] --END-- [ RunTime:0.000505s ]

[ 2017-09-13T16:59:13+08:00 ] ::1 /minidiantianzhuangwh/index.php/Ht/Apply/index.html
NOTIC: [8] Use of undefined constant SHOW_PAGE_TRACE - assumed 'SHOW_PAGE_TRACE' F:\phpStudy\WWW\minidiantianzhuangwh\App\Common\Conf\debug.php 第 4 行.
INFO: [ app_init ] --START--
INFO: Run Behavior\BuildLiteBehavior [ RunTime:0.000016s ]
INFO: [ app_init ] --END-- [ RunTime:0.000067s ]
INFO: [ app_begin ] --START--
INFO: Run Behavior\ReadHtmlCacheBehavior [ RunTime:0.001146s ]
INFO: [ app_begin ] --END-- [ RunTime:0.001222s ]
NOTIC: [8] Undefined index: id F:\phpStudy\WWW\minidiantianzhuangwh\App\Ht\Controller\ApplyController.class.php 第 13 行.
NOTIC: [8] Undefined index: status F:\phpStudy\WWW\minidiantianzhuangwh\App\Ht\Controller\ApplyController.class.php 第 16 行.
NOTIC: [8] Undefined index: yezhu F:\phpStudy\WWW\minidiantianzhuangwh\App\Ht\Controller\ApplyController.class.php 第 17 行.
SQL: SHOW COLUMNS FROM `lr_apply` [ RunTime:0.0345s ]
SQL: SELECT COUNT(*) AS tp_count FROM `lr_apply` WHERE ( 1=1 ) LIMIT 1   [ RunTime:0.0003s ]
NOTIC: [8] Undefined index: page F:\phpStudy\WWW\minidiantianzhuangwh\App\Ht\Controller\ApplyController.class.php 第 28 行.
SQL: SELECT * FROM `lr_apply` WHERE ( 1=1 ) ORDER BY id desc LIMIT 0,20   [ RunTime:0.0005s ]
INFO: [ view_parse ] --START--
INFO: [ template_filter ] --START--
INFO: Run Behavior\ContentReplaceBehavior [ RunTime:0.000093s ]
INFO: [ template_filter ] --END-- [ RunTime:0.000194s ]
INFO: Run Behavior\ParseTemplateBehavior [ RunTime:0.019081s ]
INFO: [ view_parse ] --END-- [ RunTime:0.019349s ]
INFO: [ view_filter ] --START--
INFO: Run Behavior\WriteHtmlCacheBehavior [ RunTime:0.001088s ]
INFO: [ view_filter ] --END-- [ RunTime:0.001150s ]
INFO: [ app_end ] --START--
INFO: Run Behavior\ShowPageTraceBehavior [ RunTime:0.000824s ]
INFO: [ app_end ] --END-- [ RunTime:0.000905s ]

[ 2017-09-13T16:59:25+08:00 ] ::1 /minidiantianzhuangwh/index.php/Ht/Apply/index.html
NOTIC: [8] Use of undefined constant SHOW_PAGE_TRACE - assumed 'SHOW_PAGE_TRACE' F:\phpStudy\WWW\minidiantianzhuangwh\App\Common\Conf\debug.php 第 4 行.
INFO: [ app_init ] --START--
INFO: Run Behavior\BuildLiteBehavior [ RunTime:0.000014s ]
INFO: [ app_init ] --END-- [ RunTime:0.000060s ]
INFO: [ app_begin ] --START--
INFO: Run Behavior\ReadHtmlCacheBehavior [ RunTime:0.000827s ]
INFO: [ app_begin ] --END-- [ RunTime:0.000978s ]
NOTIC: [8] Undefined index: id F:\phpStudy\WWW\minidiantianzhuangwh\App\Ht\Controller\ApplyController.class.php 第 13 行.
NOTIC: [8] Undefined index: status F:\phpStudy\WWW\minidiantianzhuangwh\App\Ht\Controller\ApplyController.class.php 第 16 行.
NOTIC: [8] Undefined index: yezhu F:\phpStudy\WWW\minidiantianzhuangwh\App\Ht\Controller\ApplyController.class.php 第 17 行.
SQL: SHOW COLUMNS FROM `lr_apply` [ RunTime:0.0083s ]
SQL: SELECT COUNT(*) AS tp_count FROM `lr_apply` WHERE ( 1=1 ) LIMIT 1   [ RunTime:0.0003s ]
NOTIC: [8] Undefined index: page F:\phpStudy\WWW\minidiantianzhuangwh\App\Ht\Controller\ApplyController.class.php 第 28 行.
SQL: SELECT * FROM `lr_apply` WHERE ( 1=1 ) ORDER BY id desc LIMIT 0,20   [ RunTime:0.0004s ]
INFO: [ view_parse ] --START--
INFO: [ template_filter ] --START--
INFO: Run Behavior\ContentReplaceBehavior [ RunTime:0.000064s ]
INFO: [ template_filter ] --END-- [ RunTime:0.000115s ]
INFO: Run Behavior\ParseTemplateBehavior [ RunTime:0.011039s ]
INFO: [ view_parse ] --END-- [ RunTime:0.011099s ]
INFO: [ view_filter ] --START--
INFO: Run Behavior\WriteHtmlCacheBehavior [ RunTime:0.000551s ]
INFO: [ view_filter ] --END-- [ RunTime:0.000589s ]
INFO: [ app_end ] --START--
INFO: Run Behavior\ShowPageTraceBehavior [ RunTime:0.000638s ]
INFO: [ app_end ] --END-- [ RunTime:0.000677s ]

[ 2017-09-13T17:01:18+08:00 ] ::1 /minidiantianzhuangwh/index.php/Ht/Apply/index.html
NOTIC: [8] Use of undefined constant SHOW_PAGE_TRACE - assumed 'SHOW_PAGE_TRACE' F:\phpStudy\WWW\minidiantianzhuangwh\App\Common\Conf\debug.php 第 4 行.
INFO: [ app_init ] --START--
INFO: Run Behavior\BuildLiteBehavior [ RunTime:0.000060s ]
INFO: [ app_init ] --END-- [ RunTime:0.000112s ]
INFO: [ app_begin ] --START--
INFO: Run Behavior\ReadHtmlCacheBehavior [ RunTime:0.000618s ]
INFO: [ app_begin ] --END-- [ RunTime:0.000672s ]
NOTIC: [8] Undefined index: id F:\phpStudy\WWW\minidiantianzhuangwh\App\Ht\Controller\ApplyController.class.php 第 13 行.
NOTIC: [8] Undefined index: status F:\phpStudy\WWW\minidiantianzhuangwh\App\Ht\Controller\ApplyController.class.php 第 16 行.
NOTIC: [8] Undefined index: yezhu F:\phpStudy\WWW\minidiantianzhuangwh\App\Ht\Controller\ApplyController.class.php 第 17 行.
SQL: SHOW COLUMNS FROM `lr_apply` [ RunTime:0.0101s ]
SQL: SELECT COUNT(*) AS tp_count FROM `lr_apply` WHERE ( 1=1 ) LIMIT 1   [ RunTime:0.0004s ]
NOTIC: [8] Undefined index: page F:\phpStudy\WWW\minidiantianzhuangwh\App\Ht\Controller\ApplyController.class.php 第 28 行.
SQL: SELECT * FROM `lr_apply` WHERE ( 1=1 ) ORDER BY id desc LIMIT 0,20   [ RunTime:0.0005s ]
INFO: [ view_parse ] --START--
INFO: [ template_filter ] --START--
INFO: Run Behavior\ContentReplaceBehavior [ RunTime:0.000066s ]
INFO: [ template_filter ] --END-- [ RunTime:0.000119s ]
INFO: Run Behavior\ParseTemplateBehavior [ RunTime:0.011825s ]
INFO: [ view_parse ] --END-- [ RunTime:0.011884s ]
INFO: [ view_filter ] --START--
INFO: Run Behavior\WriteHtmlCacheBehavior [ RunTime:0.000576s ]
INFO: [ view_filter ] --END-- [ RunTime:0.000615s ]
INFO: [ app_end ] --START--
INFO: Run Behavior\ShowPageTraceBehavior [ RunTime:0.000724s ]
INFO: [ app_end ] --END-- [ RunTime:0.000764s ]

[ 2017-09-13T17:01:19+08:00 ] ::1 /minidiantianzhuangwh/index.php/Ht/Apply/detail.html?id=18&page=0&yezhu=&status=
NOTIC: [8] Use of undefined constant SHOW_PAGE_TRACE - assumed 'SHOW_PAGE_TRACE' F:\phpStudy\WWW\minidiantianzhuangwh\App\Common\Conf\debug.php 第 4 行.
INFO: [ app_init ] --START--
INFO: Run Behavior\BuildLiteBehavior [ RunTime:0.000015s ]
INFO: [ app_init ] --END-- [ RunTime:0.000059s ]
INFO: [ app_begin ] --START--
INFO: Run Behavior\ReadHtmlCacheBehavior [ RunTime:0.000643s ]
INFO: [ app_begin ] --END-- [ RunTime:0.000703s ]
SQL: SHOW COLUMNS FROM `lr_apply` [ RunTime:0.0076s ]
SQL: SELECT * FROM `lr_apply` WHERE ( id=18 ) LIMIT 1   [ RunTime:0.0004s ]
INFO: [ view_parse ] --START--
INFO: [ template_filter ] --START--
INFO: Run Behavior\ContentReplaceBehavior [ RunTime:0.000070s ]
INFO: [ template_filter ] --END-- [ RunTime:0.000120s ]
INFO: Run Behavior\ParseTemplateBehavior [ RunTime:0.012893s ]
INFO: [ view_parse ] --END-- [ RunTime:0.012948s ]
INFO: [ view_filter ] --START--
INFO: Run Behavior\WriteHtmlCacheBehavior [ RunTime:0.000484s ]
INFO: [ view_filter ] --END-- [ RunTime:0.000523s ]
INFO: [ app_end ] --START--
INFO: Run Behavior\ShowPageTraceBehavior [ RunTime:0.000603s ]
INFO: [ app_end ] --END-- [ RunTime:0.000643s ]

